0 info it worked if it ends with ok
1 verbose cli [ 'C:\\Program Files\\nodejs\\node.exe',
1 verbose cli   'C:\\Program Files\\nodejs\\node_modules\\npm\\bin\\npm-cli.js',
1 verbose cli   'install',
1 verbose cli   '--save-dev',
1 verbose cli   '@angular/cli@lastest' ]
2 info using npm@3.10.10
3 info using node@v6.10.3
4 silly loadCurrentTree Starting
5 silly install loadCurrentTree
6 silly install readLocalPackageData
7 silly fetchPackageMetaData @angular/cli@lastest
8 silly fetchNamedPackageData @angular/cli
9 silly mapToRegistry name @angular/cli
10 silly mapToRegistry scope (from package name) @angular
11 verbose mapToRegistry no registry URL found in name for scope @angular
12 silly mapToRegistry using default registry
13 silly mapToRegistry registry https://registry.npmjs.org/
14 silly mapToRegistry data Result {
14 silly mapToRegistry   raw: '@angular/cli',
14 silly mapToRegistry   scope: '@angular',
14 silly mapToRegistry   escapedName: '@angular%2fcli',
14 silly mapToRegistry   name: '@angular/cli',
14 silly mapToRegistry   rawSpec: '',
14 silly mapToRegistry   spec: 'latest',
14 silly mapToRegistry   type: 'tag' }
15 silly mapToRegistry uri https://registry.npmjs.org/@angular%2fcli
16 verbose request uri https://registry.npmjs.org/@angular%2fcli
17 verbose request no auth needed
18 info attempt registry request try #1 at 16:07:53
19 verbose request id 8327eec0fedd0ed0
20 verbose etag W/"5912399f-fbd0"
21 verbose lastModified Tue, 09 May 2017 21:50:23 GMT
22 http request GET https://registry.npmjs.org/@angular%2fcli
23 http 304 https://registry.npmjs.org/@angular%2fcli
24 verbose headers { date: 'Thu, 11 May 2017 21:08:32 GMT',
24 verbose headers   via: '1.1 varnish',
24 verbose headers   'cache-control': 'max-age=0',
24 verbose headers   etag: 'W/"5912399f-fbd0"',
24 verbose headers   age: '0',
24 verbose headers   connection: 'keep-alive',
24 verbose headers   'x-served-by': 'cache-atl6249-ATL',
24 verbose headers   'x-cache': 'MISS',
24 verbose headers   'x-cache-hits': '0',
24 verbose headers   'x-timer': 'S1494536912.051479,VS0,VE342',
24 verbose headers   vary: 'Accept-Encoding' }
25 silly get cb [ 304,
25 silly get   { date: 'Thu, 11 May 2017 21:08:32 GMT',
25 silly get     via: '1.1 varnish',
25 silly get     'cache-control': 'max-age=0',
25 silly get     etag: 'W/"5912399f-fbd0"',
25 silly get     age: '0',
25 silly get     connection: 'keep-alive',
25 silly get     'x-served-by': 'cache-atl6249-ATL',
25 silly get     'x-cache': 'MISS',
25 silly get     'x-cache-hits': '0',
25 silly get     'x-timer': 'S1494536912.051479,VS0,VE342',
25 silly get     vary: 'Accept-Encoding' } ]
26 verbose etag https://registry.npmjs.org/@angular%2fcli from cache
27 verbose get saving @angular/cli to C:\Users\johny.varela\AppData\Roaming\npm-cache\registry.npmjs.org\_40angular_252fcli\.cache.json
28 verbose correctMkdir C:\Users\johny.varela\AppData\Roaming\npm-cache correctMkdir not in flight; initializing
29 silly fetchNamedPackageData No valid target from cache, forcing network
30 verbose request uri https://registry.npmjs.org/@angular%2fcli
31 verbose request no auth needed
32 info attempt registry request try #1 at 16:07:53
33 http request GET https://registry.npmjs.org/@angular%2fcli
34 http 200 https://registry.npmjs.org/@angular%2fcli
35 verbose headers { 'content-type': 'application/json',
35 verbose headers   server: 'nginx/1.10.1',
35 verbose headers   'last-modified': 'Tue, 09 May 2017 21:50:23 GMT',
35 verbose headers   etag: 'W/"5912399f-fbd0"',
35 verbose headers   'content-encoding': 'gzip',
35 verbose headers   'cache-control': 'max-age=0',
35 verbose headers   'transfer-encoding': 'chunked',
35 verbose headers   'accept-ranges': 'bytes',
35 verbose headers   date: 'Thu, 11 May 2017 21:08:32 GMT',
35 verbose headers   via: '1.1 varnish',
35 verbose headers   connection: 'keep-alive',
35 verbose headers   'x-served-by': 'cache-atl6249-ATL',
35 verbose headers   'x-cache': 'MISS',
35 verbose headers   'x-cache-hits': '0',
35 verbose headers   'x-timer': 'S1494536912.465003,VS0,VE499',
35 verbose headers   vary: 'Accept-Encoding' }
36 silly get cb [ 200,
36 silly get   { 'content-type': 'application/json',
36 silly get     server: 'nginx/1.10.1',
36 silly get     'last-modified': 'Tue, 09 May 2017 21:50:23 GMT',
36 silly get     etag: 'W/"5912399f-fbd0"',
36 silly get     'content-encoding': 'gzip',
36 silly get     'cache-control': 'max-age=0',
36 silly get     'transfer-encoding': 'chunked',
36 silly get     'accept-ranges': 'bytes',
36 silly get     date: 'Thu, 11 May 2017 21:08:32 GMT',
36 silly get     via: '1.1 varnish',
36 silly get     connection: 'keep-alive',
36 silly get     'x-served-by': 'cache-atl6249-ATL',
36 silly get     'x-cache': 'MISS',
36 silly get     'x-cache-hits': '0',
36 silly get     'x-timer': 'S1494536912.465003,VS0,VE499',
36 silly get     vary: 'Accept-Encoding' } ]
37 verbose get saving @angular/cli to C:\Users\johny.varela\AppData\Roaming\npm-cache\registry.npmjs.org\_40angular_252fcli\.cache.json
38 verbose correctMkdir C:\Users\johny.varela\AppData\Roaming\npm-cache correctMkdir not in flight; initializing
39 silly fetchPackageMetaData Error: No compatible version found: @angular/cli@lastest
39 silly fetchPackageMetaData Valid install targets:
39 silly fetchPackageMetaData 1.1.0-beta.1, 1.1.0-beta.0, 1.0.3, 1.0.2, 1.0.1, 1.0.0, 1.0.0-rc.4, 1.0.0-rc.3, 1.0.0-rc.2, 1.0.0-rc.1, 1.0.0-rc.0, 1.0.0-beta.33.1, 1.0.0-beta.33, 1.0.0-beta.32.3, 1.0.0-beta.32.2, 1.0.0-beta.32, 1.0.0-beta.31, 1.0.0-beta.30, 1.0.0-beta.29, 1.0.0-beta.28.3
39 silly fetchPackageMetaData
39 silly fetchPackageMetaData     at pickVersionFromRegistryDocument (C:\Program Files\nodejs\node_modules\npm\lib\fetch-package-metadata.js:178:16)
39 silly fetchPackageMetaData     at C:\Program Files\nodejs\node_modules\npm\node_modules\iferr\index.js:13:50
39 silly fetchPackageMetaData     at C:\Program Files\nodejs\node_modules\npm\lib\utils\pulse-till-done.js:20:8
39 silly fetchPackageMetaData     at saved (C:\Program Files\nodejs\node_modules\npm\lib\cache\caching-client.js:174:7)
39 silly fetchPackageMetaData     at C:\Program Files\nodejs\node_modules\npm\node_modules\graceful-fs\polyfills.js:241:18
39 silly fetchPackageMetaData     at FSReqWrap.oncomplete (fs.js:123:15)
39 silly fetchPackageMetaData  error for @angular/cli@lastest { Error: No compatible version found: @angular/cli@lastest
39 silly fetchPackageMetaData Valid install targets:
39 silly fetchPackageMetaData 1.1.0-beta.1, 1.1.0-beta.0, 1.0.3, 1.0.2, 1.0.1, 1.0.0, 1.0.0-rc.4, 1.0.0-rc.3, 1.0.0-rc.2, 1.0.0-rc.1, 1.0.0-rc.0, 1.0.0-beta.33.1, 1.0.0-beta.33, 1.0.0-beta.32.3, 1.0.0-beta.32.2, 1.0.0-beta.32, 1.0.0-beta.31, 1.0.0-beta.30, 1.0.0-beta.29, 1.0.0-beta.28.3
39 silly fetchPackageMetaData
39 silly fetchPackageMetaData     at pickVersionFromRegistryDocument (C:\Program Files\nodejs\node_modules\npm\lib\fetch-package-metadata.js:178:16)
39 silly fetchPackageMetaData     at C:\Program Files\nodejs\node_modules\npm\node_modules\iferr\index.js:13:50
39 silly fetchPackageMetaData     at C:\Program Files\nodejs\node_modules\npm\lib\utils\pulse-till-done.js:20:8
39 silly fetchPackageMetaData     at saved (C:\Program Files\nodejs\node_modules\npm\lib\cache\caching-client.js:174:7)
39 silly fetchPackageMetaData     at C:\Program Files\nodejs\node_modules\npm\node_modules\graceful-fs\polyfills.js:241:18
39 silly fetchPackageMetaData     at FSReqWrap.oncomplete (fs.js:123:15) code: 'ETARGET' }
40 silly rollbackFailedOptional Starting
41 silly rollbackFailedOptional Finishing
42 silly runTopLevelLifecycles Finishing
43 silly install printInstalled
44 verbose stack Error: No compatible version found: @angular/cli@lastest
44 verbose stack Valid install targets:
44 verbose stack 1.1.0-beta.1, 1.1.0-beta.0, 1.0.3, 1.0.2, 1.0.1, 1.0.0, 1.0.0-rc.4, 1.0.0-rc.3, 1.0.0-rc.2, 1.0.0-rc.1, 1.0.0-rc.0, 1.0.0-beta.33.1, 1.0.0-beta.33, 1.0.0-beta.32.3, 1.0.0-beta.32.2, 1.0.0-beta.32, 1.0.0-beta.31, 1.0.0-beta.30, 1.0.0-beta.29, 1.0.0-beta.28.3
44 verbose stack
44 verbose stack     at pickVersionFromRegistryDocument (C:\Program Files\nodejs\node_modules\npm\lib\fetch-package-metadata.js:178:16)
44 verbose stack     at C:\Program Files\nodejs\node_modules\npm\node_modules\iferr\index.js:13:50
44 verbose stack     at C:\Program Files\nodejs\node_modules\npm\lib\utils\pulse-till-done.js:20:8
44 verbose stack     at saved (C:\Program Files\nodejs\node_modules\npm\lib\cache\caching-client.js:174:7)
44 verbose stack     at C:\Program Files\nodejs\node_modules\npm\node_modules\graceful-fs\polyfills.js:241:18
44 verbose stack     at FSReqWrap.oncomplete (fs.js:123:15)
45 verbose cwd D:\jvarela-workspace\development\neon\workspace\bankapp\newPortal
46 error Windows_NT 10.0.10586
47 error argv "C:\\Program Files\\nodejs\\node.exe" "C:\\Program Files\\nodejs\\node_modules\\npm\\bin\\npm-cli.js" "install" "--save-dev" "@angular/cli@lastest"
48 error node v6.10.3
49 error npm  v3.10.10
50 error code ETARGET
51 error notarget No compatible version found: @angular/cli@lastest
51 error notarget Valid install targets:
51 error notarget 1.1.0-beta.1, 1.1.0-beta.0, 1.0.3, 1.0.2, 1.0.1, 1.0.0, 1.0.0-rc.4, 1.0.0-rc.3, 1.0.0-rc.2, 1.0.0-rc.1, 1.0.0-rc.0, 1.0.0-beta.33.1, 1.0.0-beta.33, 1.0.0-beta.32.3, 1.0.0-beta.32.2, 1.0.0-beta.32, 1.0.0-beta.31, 1.0.0-beta.30, 1.0.0-beta.29, 1.0.0-beta.28.3
52 error notarget This is most likely not a problem with npm itself.
52 error notarget In most cases you or one of your dependencies are requesting
52 error notarget a package version that doesn't exist.
53 verbose exit [ 1, true ]
